[01:30:57] [Server thread/INFO]: Starting minecraft server version 1.8.9
[01:30:59] [Server thread/INFO]: Loading properties
[01:30:59] [Server thread/INFO]: Default game type: SURVIVAL
[01:30:59] [Server thread/INFO]: Generating keypair
[01:30:59] [Server thread/INFO]: Starting Minecraft server on *:25565
[01:30:59] [Server thread/INFO]: Using default channel type
[01:31:00] [Server thread/WARN]: **** SERVER IS RUNNING IN OFFLINE/INSECURE MODE!
[01:31:00] [Server thread/WARN]: The server will make no attempt to authenticate usernames. Beware.
[01:31:00] [Server thread/WARN]: While this makes the game possible to play without internet access, it also opens up the ability for hackers to connect with any username they choose.
[01:31:00] [Server thread/WARN]: To change this, set "online-mode" to "true" in the server.properties file.
[01:31:01] [Server thread/INFO]: Preparing level "world"
[01:31:01] [Server thread/INFO]: Preparing start region for level 0
[01:31:02] [Server thread/INFO]: Preparing spawn area: 7%
[01:31:03] [Server thread/INFO]: Done (2,293s)! For help, type "help" or "?"
[01:31:37] [Server thread/INFO]: BDSMMASTER[/127.0.0.1:53401] logged in with entity id 378 at (521.3855663120124, 71.0, 154.3479773517637)
[01:31:37] [Server thread/INFO]: BDSMMASTER joined the game
[01:31:50] [Server thread/WARN]: Can't keep up! Did the system time change, or is the server overloaded? Running 2046ms behind, skipping 40 tick(s)
[01:31:50] [Server thread/INFO]: BDSMMASTER lost connection: TextComponent{text='Disconnected', siblings=[], style=Style{hasParent=false, color=null, bold=null, italic=null, underlined=null, obfuscated=null, clickEvent=null, hoverEvent=null, insertion=null}}
[01:31:50] [Server thread/INFO]: BDSMMASTER left the game
[01:34:27] [Server thread/INFO]: Stopping the server
[01:34:27] [Server thread/INFO]: Stopping server
[01:34:27] [Server thread/INFO]: Saving players
[01:34:27] [Server thread/INFO]: Saving worlds
[01:34:27] [Server thread/INFO]: Saving chunks for level 'world'/Overworld
[01:34:27] [Server thread/INFO]: Saving chunks for level 'world'/Nether
[01:34:27] [Server thread/INFO]: Saving chunks for level 'world'/The End
[01:34:27] [Server thread/INFO]: Saving chunks for level 'world'/Wyvern Lair
